This is pdfTeXk, Version 3.141592-1.40.3 (Web2C 7.5.6) (format=pdflatex 2011.1.19)  4 AUG 2011 17:12
entering extended mode
 %&-line parsing enabled.
**spcache.tex
(./spcache.tex
LaTeX2e <2005/12/01>
Babel <v3.8h> and hyphenation patterns for english, usenglishmax, dumylang, noh
yphenation, danish, ukenglish, loaded.
(/usr/share/texmf-texlive/tex/latex/IEEEtran/IEEEtran.cls
Document Class: IEEEtran 2007/01/11 V1.7 by Michael Shell
-- See the "IEEEtran_HOWTO" manual for usage information.
-- http://www.michaelshell.org/tex/ieeetran/
\@IEEEtrantmpdimenA=\dimen102
\@IEEEtrantmpdimenB=\dimen103
\@IEEEtrantmpcountA=\count79
\@IEEEtrantmpcountB=\count80
\@IEEEtrantmptoksA=\toks14
-- Using IEEE Computer Society mode.
LaTeX Font Info:    Try loading font information for OT1+ptm on input line 368.

(/usr/share/texmf-texlive/tex/latex/psnfss/ot1ptm.fd
File: ot1ptm.fd 2001/06/04 font definitions for OT1/ptm.
)
-- Using 8.5in x 11in (letter) paper.
-- Using PDF output.
\@IEEEnormalsizeunitybaselineskip=\dimen104
-- This is a 10 point document.
\CLASSINFOnormalsizebaselineskip=\dimen105
\CLASSINFOnormalsizeunitybaselineskip=\dimen106
\IEEEnormaljot=\dimen107
LaTeX Font Info:    Font shape `OT1/ptm/bx/n' in size <5> not available
(Font)              Font shape `OT1/ptm/b/n' tried instead on input line 726.
LaTeX Font Info:    Font shape `OT1/ptm/bx/it' in size <5> not available
(Font)              Font shape `OT1/ptm/b/it' tried instead on input line 726.
LaTeX Font Info:    Font shape `OT1/ptm/bx/n' in size <7> not available
(Font)              Font shape `OT1/ptm/b/n' tried instead on input line 726.
LaTeX Font Info:    Font shape `OT1/ptm/bx/it' in size <7> not available
(Font)              Font shape `OT1/ptm/b/it' tried instead on input line 726.
LaTeX Font Info:    Font shape `OT1/ptm/bx/n' in size <8> not available
(Font)              Font shape `OT1/ptm/b/n' tried instead on input line 726.
LaTeX Font Info:    Font shape `OT1/ptm/bx/it' in size <8> not available
(Font)              Font shape `OT1/ptm/b/it' tried instead on input line 726.
LaTeX Font Info:    Font shape `OT1/ptm/bx/n' in size <9> not available
(Font)              Font shape `OT1/ptm/b/n' tried instead on input line 726.
LaTeX Font Info:    Font shape `OT1/ptm/bx/it' in size <9> not available
(Font)              Font shape `OT1/ptm/b/it' tried instead on input line 726.
LaTeX Font Info:    Font shape `OT1/ptm/bx/n' in size <10> not available
(Font)              Font shape `OT1/ptm/b/n' tried instead on input line 726.
LaTeX Font Info:    Font shape `OT1/ptm/bx/it' in size <10> not available
(Font)              Font shape `OT1/ptm/b/it' tried instead on input line 726.
LaTeX Font Info:    Font shape `OT1/ptm/bx/n' in size <11> not available
(Font)              Font shape `OT1/ptm/b/n' tried instead on input line 726.
LaTeX Font Info:    Font shape `OT1/ptm/bx/it' in size <11> not available
(Font)              Font shape `OT1/ptm/b/it' tried instead on input line 726.
LaTeX Font Info:    Font shape `OT1/ptm/bx/n' in size <12> not available
(Font)              Font shape `OT1/ptm/b/n' tried instead on input line 726.
LaTeX Font Info:    Font shape `OT1/ptm/bx/it' in size <12> not available
(Font)              Font shape `OT1/ptm/b/it' tried instead on input line 726.
LaTeX Font Info:    Font shape `OT1/ptm/bx/n' in size <17> not available
(Font)              Font shape `OT1/ptm/b/n' tried instead on input line 726.
LaTeX Font Info:    Font shape `OT1/ptm/bx/it' in size <17> not available
(Font)              Font shape `OT1/ptm/b/it' tried instead on input line 726.
LaTeX Font Info:    Font shape `OT1/ptm/bx/n' in size <20> not available
(Font)              Font shape `OT1/ptm/b/n' tried instead on input line 726.
LaTeX Font Info:    Font shape `OT1/ptm/bx/it' in size <20> not available
(Font)              Font shape `OT1/ptm/b/it' tried instead on input line 726.
LaTeX Font Info:    Font shape `OT1/ptm/bx/n' in size <24> not available
(Font)              Font shape `OT1/ptm/b/n' tried instead on input line 726.
LaTeX Font Info:    Font shape `OT1/ptm/bx/it' in size <24> not available
(Font)              Font shape `OT1/ptm/b/it' tried instead on input line 726.
\IEEEilabelindentA=\dimen108
\IEEEilabelindentB=\dimen109
\IEEEilabelindent=\dimen110
\IEEEelabelindent=\dimen111
\IEEEdlabelindent=\dimen112
\IEEElabelindent=\dimen113
\IEEEiednormlabelsep=\dimen114
\IEEEiedmathlabelsep=\dimen115
\IEEEiedtopsep=\skip41
\c@section=\count81
\c@subsection=\count82
\c@subsubsection=\count83
\c@paragraph=\count84
\c@IEEEsubequation=\count85
\abovecaptionskip=\skip42
\belowcaptionskip=\skip43
\c@figure=\count86
\c@table=\count87
\@IEEEeqnnumcols=\count88
\@IEEEeqncolcnt=\count89
\@IEEEtmpitemindent=\dimen116
\c@IEEEbiography=\count90
\@IEEEtranrubishbin=\box26
) (/usr/share/texmf-texlive/tex/latex/ltxmisc/url.sty
\Urlmuskip=\muskip10
Package: url 2005/06/27  ver 3.2  Verb mode for urls, etc.
)
(/usr/share/texmf-texlive/tex/latex/psnfss/times.sty
Package: times 2005/04/12 PSNFSS-v9.2a (SPQR) 
)
(/usr/share/texmf-texlive/tex/latex/amsfonts/amsfonts.sty
Package: amsfonts 2001/10/25 v2.2f
\@emptytoks=\toks15
\symAMSa=\mathgroup4
\symAMSb=\mathgroup5
LaTeX Font Info:    Overwriting math alphabet `\mathfrak' in version `bold'
(Font)                  U/euf/m/n --> U/euf/b/n on input line 132.
)
(/usr/share/texmf-texlive/tex/latex/amsfonts/amssymb.sty
Package: amssymb 2002/01/22 v2.2d
)
(/usr/share/texmf-texlive/tex/latex/floatflt/floatflt.sty
Package: floatflt 1997/07/16 v. 1.31
\c@OptionTest=\count91
\figbox=\box27
\tabbox=\box28
\pagebox=\box29
\ffigcount=\count92
\ftabcount=\count93
\fftest=\count94
\hangcount=\count95
\nosuccesstryfig=\count96
\nosuccesstrytab=\count97
\figgutter=\dimen117
\tabgutter=\dimen118
\htdone=\dimen119
\pageht=\dimen120
\startpageht=\dimen121
\tabbredd=\dimen122
\floatfltwidth=\dimen123
\fltitemwidth=\dimen124
\outputpretest=\toks16
)
(/usr/share/texmf-texlive/tex/latex/wrapfig/wrapfig.sty
\wrapoverhang=\dimen125
\WF@size=\dimen126
\c@WF@wrappedlines=\count98
\WF@box=\box30
\WF@everypar=\toks17
Package: wrapfig 2003/01/31  v 3.6
)
(/usr/share/texmf-texlive/tex/latex/multirow/multirow.sty
\bigstrutjot=\dimen127
)
(/usr/share/texmf-texlive/tex/latex/base/fontenc.sty
Package: fontenc 2005/09/27 v1.99g Standard LaTeX package

(/usr/share/texmf-texlive/tex/latex/base/t1enc.def
File: t1enc.def 2005/09/27 v1.99g Standard LaTeX file
LaTeX Font Info:    Redeclaring font encoding T1 on input line 43.
)
LaTeX Font Info:    Try loading font information for T1+ptm on input line 100.

(/usr/share/texmf-texlive/tex/latex/psnfss/t1ptm.fd
File: t1ptm.fd 2001/06/04 font definitions for T1/ptm.
))
(/usr/share/texmf-texlive/tex/latex/hyperref/hyperref.sty
Package: hyperref 2007/02/07 v6.75r Hypertext links for LaTeX

(/usr/share/texmf-texlive/tex/latex/graphics/keyval.sty
Package: keyval 1999/03/16 v1.13 key=value parser (DPC)
\KV@toks@=\toks18
)
\@linkdim=\dimen128
\Hy@linkcounter=\count99
\Hy@pagecounter=\count100

(/usr/share/texmf-texlive/tex/latex/hyperref/pd1enc.def
File: pd1enc.def 2007/02/07 v6.75r Hyperref: PDFDocEncoding definition (HO)
)
(/etc/texmf/tex/latex/config/hyperref.cfg
File: hyperref.cfg 2002/06/06 v1.2 hyperref configuration of TeXLive
)
(/usr/share/texmf-texlive/tex/latex/oberdiek/kvoptions.sty
Package: kvoptions 2006/08/22 v2.4 Connects package keyval with LaTeX options (
HO)
)
Package hyperref Info: Hyper figures OFF on input line 2288.
Package hyperref Info: Link nesting OFF on input line 2293.
Package hyperref Info: Hyper index ON on input line 2296.
Package hyperref Info: Plain pages OFF on input line 2303.
Package hyperref Info: Backreferencing OFF on input line 2308.

Implicit mode ON; LaTeX internals redefined
Package hyperref Info: Bookmarks ON on input line 2444.
LaTeX Info: Redefining \url on input line 2599.
\Fld@menulength=\count101
\Field@Width=\dimen129
\Fld@charsize=\dimen130
\Choice@toks=\toks19
\Field@toks=\toks20
Package hyperref Info: Hyper figures OFF on input line 3102.
Package hyperref Info: Link nesting OFF on input line 3107.
Package hyperref Info: Hyper index ON on input line 3110.
Package hyperref Info: backreferencing OFF on input line 3117.
Package hyperref Info: Link coloring OFF on input line 3122.
\Hy@abspage=\count102
\c@Item=\count103
\c@Hfootnote=\count104
)
*hyperref using default driver hpdftex*
(/usr/share/texmf-texlive/tex/latex/hyperref/hpdftex.def
File: hpdftex.def 2007/02/07 v6.75r Hyperref driver for pdfTeX
\Fld@listcount=\count105
)
(/usr/share/texmf-texlive/tex/latex/amsmath/amsmath.sty
Package: amsmath 2000/07/18 v2.13 AMS math features
\@mathmargin=\skip44

For additional information on amsmath, use the `?' option.
LaTeX Font Info:    Try loading font information for OMX+cmex on input line 126
.
(/usr/share/texmf-texlive/tex/latex/base/omxcmex.fd
File: omxcmex.fd 1999/05/25 v2.5h Standard LaTeX font definitions
)
(/usr/share/texmf-texlive/tex/latex/amsmath/amstext.sty
Package: amstext 2000/06/29 v2.01

(/usr/share/texmf-texlive/tex/latex/amsmath/amsgen.sty
File: amsgen.sty 1999/11/30 v2.0
\@emptytoks=\toks21
\ex@=\dimen131
))
(/usr/share/texmf-texlive/tex/latex/amsmath/amsbsy.sty
Package: amsbsy 1999/11/29 v1.2d
\pmbraise@=\dimen132
)
(/usr/share/texmf-texlive/tex/latex/amsmath/amsopn.sty
Package: amsopn 1999/12/14 v2.01 operator names
)
\inf@bad=\count106
LaTeX Info: Redefining \frac on input line 211.
\uproot@=\count107
\leftroot@=\count108
LaTeX Info: Redefining \overline on input line 307.
\classnum@=\count109
\DOTSCASE@=\count110
LaTeX Info: Redefining \ldots on input line 379.
LaTeX Info: Redefining \dots on input line 382.
LaTeX Info: Redefining \cdots on input line 467.
\Mathstrutbox@=\box31
\strutbox@=\box32
\big@size=\dimen133
LaTeX Font Info:    Redeclaring font encoding OML on input line 567.
LaTeX Font Info:    Redeclaring font encoding OMS on input line 568.
\macc@depth=\count111
\c@MaxMatrixCols=\count112
\dotsspace@=\muskip11
\c@parentequation=\count113
\dspbrk@lvl=\count114
\tag@help=\toks22
\row@=\count115
\column@=\count116
\maxfields@=\count117
\andhelp@=\toks23
\eqnshift@=\dimen134
\alignsep@=\dimen135
\tagshift@=\dimen136
\tagwidth@=\dimen137
\totwidth@=\dimen138
\lineht@=\dimen139
\@envbody=\toks24
\multlinegap=\skip45
\multlinetaggap=\skip46
\mathdisplay@stack=\toks25
LaTeX Info: Redefining \[ on input line 2666.
LaTeX Info: Redefining \] on input line 2667.
)
(/usr/share/texmf-texlive/tex/latex/acronym/acronym.sty
Package: acronym 2006/06/26 v1.26 Support for acronyms (Tobias Oetiker)

(/usr/share/texmf-texlive/tex/latex/bigfoot/suffix.sty
Package: suffix 2006/07/15 1.5 Variant command support
)
\clearlist=\toks26
)
(/usr/share/texmf-texlive/tex/latex/tools/xspace.sty
Package: xspace 2006/05/08 v1.12 Space after command names (DPC,MH)
)
(/usr/share/texmf-texlive/tex/latex/tools/longtable.sty
Package: longtable 2004/02/01 v4.11 Multi-page Table package (DPC)
\LTleft=\skip47
\LTright=\skip48
\LTpre=\skip49
\LTpost=\skip50
\LTchunksize=\count118
\LTcapwidth=\dimen140
\LT@head=\box33
\LT@firsthead=\box34
\LT@foot=\box35
\LT@lastfoot=\box36
\LT@cols=\count119
\LT@rows=\count120
\c@LT@tables=\count121
\c@LT@chunks=\count122
\LT@p@ftn=\toks27
)
(/usr/share/texmf-texlive/tex/latex/graphics/graphicx.sty
Package: graphicx 1999/02/16 v1.0f Enhanced LaTeX Graphics (DPC,SPQR)

(/usr/share/texmf-texlive/tex/latex/graphics/graphics.sty
Package: graphics 2006/02/20 v1.0o Standard LaTeX Graphics (DPC,SPQR)

(/usr/share/texmf-texlive/tex/latex/graphics/trig.sty
Package: trig 1999/03/16 v1.09 sin cos tan (DPC)
)
(/etc/texmf/tex/latex/config/graphics.cfg
File: graphics.cfg 2007/01/18 v1.5 graphics configuration of teTeX/TeXLive
)
Package graphics Info: Driver file: pdftex.def on input line 90.

(/usr/share/texmf-texlive/tex/latex/pdftex-def/pdftex.def
File: pdftex.def 2007/01/08 v0.04d Graphics/color for pdfTeX
\Gread@gobject=\count123
))
\Gin@req@height=\dimen141
\Gin@req@width=\dimen142
)
(./algorithm2eCustom.sty
Package: algorithm2eCustom 2004/06/16
\c@AlgoLine=\count124
 (/usr/share/texmf-texlive/tex/latex/base/ifthen.sty
Package: ifthen 2001/05/26 v1.1c Standard LaTeX ifthen package (DPC)
)
(/usr/share/texmf-texlive/tex/latex/graphics/color.sty
Package: color 2005/11/14 v1.0j Standard LaTeX Color (DPC)

(/etc/texmf/tex/latex/config/color.cfg
File: color.cfg 2007/01/18 v1.5 color configuration of teTeX/TeXLive
)
Package color Info: Driver file: pdftex.def on input line 130.
)
********************************************************
Package `algorithm2e' Release 3.3 -- june 16 2004 --
- algorithm2e-announce@lirmm.fr mailing list for announcement about releases
- algorithm2e-discussion@lirmm.fr mailing list for discussion about package
subscribe by emailing sympa@lirmm.fr with 'subscribe <list> <firstname name>'
- Author: Christophe Fiorio (fiorio@lirmm.fr)
********************************************************
\skiptotal=\skip51
\skiprule=\skip52
\skiphlne=\skip53
\skiptext=\skip54
\skiplength=\skip55
\algomargin=\skip56
\skipnumline=\skip57
\skipalgocfslide=\skip58
\algowidth=\dimen143
\inoutsize=\dimen144
\inoutline=\dimen145
\algocf@inoutbox=\box37
\algocf@inputbox=\box38
\algocf@capbox=\box39
\c@algocfline=\count125
\c@algocf=\count126
\algocf@algoframe=\box40
\algocf@algobox=\box41
) (/usr/share/texmf-texlive/tex/latex/cite/cite.sty
LaTeX Info: Redefining \cite on input line 149.
LaTeX Info: Redefining \nocite on input line 214.
Package: cite 2003/11/04  v 4.01
) (./spcache.aux)
\openout1 = `spcache.aux'.

LaTeX Font Info:    Checking defaults for OML/cmm/m/it on input line 52.
LaTeX Font Info:    ... okay on input line 52.
LaTeX Font Info:    Checking defaults for T1/cmr/m/n on input line 52.
LaTeX Font Info:    ... okay on input line 52.
LaTeX Font Info:    Checking defaults for OT1/cmr/m/n on input line 52.
LaTeX Font Info:    ... okay on input line 52.
LaTeX Font Info:    Checking defaults for OMS/cmsy/m/n on input line 52.
LaTeX Font Info:    ... okay on input line 52.
LaTeX Font Info:    Checking defaults for OMX/cmex/m/n on input line 52.
LaTeX Font Info:    ... okay on input line 52.
LaTeX Font Info:    Checking defaults for U/cmr/m/n on input line 52.
LaTeX Font Info:    ... okay on input line 52.
LaTeX Font Info:    Checking defaults for PD1/pdf/m/n on input line 52.
LaTeX Font Info:    ... okay on input line 52.
LaTeX Font Info:    Font shape `T1/ptm/bx/n' in size <5> not available
(Font)              Font shape `T1/ptm/b/n' tried instead on input line 52.
LaTeX Font Info:    Font shape `T1/ptm/bx/it' in size <5> not available
(Font)              Font shape `T1/ptm/b/it' tried instead on input line 52.
LaTeX Font Info:    Font shape `T1/ptm/bx/n' in size <7> not available
(Font)              Font shape `T1/ptm/b/n' tried instead on input line 52.
LaTeX Font Info:    Font shape `T1/ptm/bx/it' in size <7> not available
(Font)              Font shape `T1/ptm/b/it' tried instead on input line 52.
LaTeX Font Info:    Font shape `T1/ptm/bx/n' in size <8> not available
(Font)              Font shape `T1/ptm/b/n' tried instead on input line 52.
LaTeX Font Info:    Font shape `T1/ptm/bx/it' in size <8> not available
(Font)              Font shape `T1/ptm/b/it' tried instead on input line 52.
LaTeX Font Info:    Font shape `T1/ptm/bx/n' in size <9> not available
(Font)              Font shape `T1/ptm/b/n' tried instead on input line 52.
LaTeX Font Info:    Font shape `T1/ptm/bx/it' in size <9> not available
(Font)              Font shape `T1/ptm/b/it' tried instead on input line 52.
LaTeX Font Info:    Font shape `T1/ptm/bx/n' in size <10> not available
(Font)              Font shape `T1/ptm/b/n' tried instead on input line 52.
LaTeX Font Info:    Font shape `T1/ptm/bx/it' in size <10> not available
(Font)              Font shape `T1/ptm/b/it' tried instead on input line 52.
LaTeX Font Info:    Font shape `T1/ptm/bx/n' in size <11> not available
(Font)              Font shape `T1/ptm/b/n' tried instead on input line 52.
LaTeX Font Info:    Font shape `T1/ptm/bx/it' in size <11> not available
(Font)              Font shape `T1/ptm/b/it' tried instead on input line 52.
LaTeX Font Info:    Font shape `T1/ptm/bx/n' in size <12> not available
(Font)              Font shape `T1/ptm/b/n' tried instead on input line 52.
LaTeX Font Info:    Font shape `T1/ptm/bx/it' in size <12> not available
(Font)              Font shape `T1/ptm/b/it' tried instead on input line 52.
LaTeX Font Info:    Font shape `T1/ptm/bx/n' in size <17> not available
(Font)              Font shape `T1/ptm/b/n' tried instead on input line 52.
LaTeX Font Info:    Font shape `T1/ptm/bx/it' in size <17> not available
(Font)              Font shape `T1/ptm/b/it' tried instead on input line 52.
LaTeX Font Info:    Font shape `T1/ptm/bx/n' in size <20> not available
(Font)              Font shape `T1/ptm/b/n' tried instead on input line 52.
LaTeX Font Info:    Font shape `T1/ptm/bx/it' in size <20> not available
(Font)              Font shape `T1/ptm/b/it' tried instead on input line 52.
LaTeX Font Info:    Font shape `T1/ptm/bx/n' in size <24> not available
(Font)              Font shape `T1/ptm/b/n' tried instead on input line 52.
LaTeX Font Info:    Font shape `T1/ptm/bx/it' in size <24> not available
(Font)              Font shape `T1/ptm/b/it' tried instead on input line 52.
Package hyperref Info: Link coloring OFF on input line 52.

(/usr/share/texmf-texlive/tex/latex/hyperref/nameref.sty
Package: nameref 2006/12/27 v2.28 Cross-referencing by name of section

(/usr/share/texmf-texlive/tex/latex/oberdiek/refcount.sty
Package: refcount 2006/02/20 v3.0 Data extraction from references (HO)
)
\c@section@level=\count127
)
LaTeX Info: Redefining \ref on input line 52.
LaTeX Info: Redefining \pageref on input line 52.
 (./spcache.out)
(./spcache.out)
\@outlinefile=\write3
\openout3 = `spcache.out'.

 (/usr/share/texmf-texlive/tex/context/base/supp-pdf.tex
[Loading MPS to PDF converter (version 2006.09.02).]
\scratchcounter=\count128
\scratchdimen=\dimen146
\scratchbox=\box42
\nofMPsegments=\count129
\nofMParguments=\count130
\everyMPshowfont=\toks28
\MPscratchCnt=\count131
\MPscratchDim=\dimen147
\MPnumerator=\count132
\everyMPtoPDFconversion=\toks29
) (./articleFiles/macro.tex)
\c@thm=\count133
LaTeX Font Info:    Try loading font information for T1+phv on input line 76.

(/usr/share/texmf-texlive/tex/latex/psnfss/t1phv.fd
File: t1phv.fd 2001/06/04 scalable font definitions for T1/phv.
)
LaTeX Font Info:    Font shape `T1/ptm/bx/n' in size <14> not available
(Font)              Font shape `T1/ptm/b/n' tried instead on input line 76.
LaTeX Font Info:    Font shape `T1/ptm/bx/it' in size <14> not available
(Font)              Font shape `T1/ptm/b/it' tried instead on input line 76.

(./articleFiles/acronyms.tex) (./articleFiles/abstract.tex)
(./articleFiles/intro.tex) (./articleFiles/relWork.tex)
(./articleFiles/problem.tex) (./articleFiles/contribution.tex
Underfull \hbox (badness 10000) in paragraph at lines 9--12

 []


Underfull \hbox (badness 10000) in paragraph at lines 9--12

 []


Underfull \hbox (badness 10000) in paragraph at lines 14--16

 []

) (./articleFiles/analysis.tex) (./articleFiles/implementation.tex) [1{/var/lib
/texmf/fonts/map/pdftex/updmap/pdftex.map}


]
No file spcache.bbl.

** Conference Paper **
Before submitting the final camera ready copy, remember to:

 1. Manually equalize the lengths of two columns on the last page
 of your paper;

 2. Ensure that any PostScript and/or PDF output post-processing
 uses only Type 1 fonts and that every step in the generation
 process uses the appropriate paper size.

(./spcache.aux) ) 
Here is how much of TeX's memory you used:
 5777 strings out of 95062
 77684 string characters out of 1182557
 145058 words of memory out of 1500000
 8848 multiletter control sequences out of 10000+50000
 104792 words of font info for 104 fonts, out of 1200000 for 2000
 39 hyphenation exceptions out of 8191
 27i,9n,38p,541b,386s stack positions out of 5000i,500n,6000p,200000b,5000s
{/usr/share/texmf-texlive/fonts/enc/dvips/base/8r.enc}</usr/sh
are/texmf-texlive/fonts/type1/urw/times/utmb8a.pfb></usr/share/texmf-texlive/fo
nts/type1/urw/times/utmbi8a.pfb></usr/share/texmf-texlive/fonts/type1/urw/times
/utmr8a.pfb></usr/share/texmf-texlive/fonts/type1/urw/times/utmri8a.pfb>
Output written on spcache.pdf (1 page, 53227 bytes).
PDF statistics:
 63 PDF objects out of 1000 (max. 8388607)
 9 named destinations out of 1000 (max. 131072)
 73 words of extra memory for PDF output out of 10000 (max. 10000000)

